This is pdfeTeX, Version 3.141592-1.30.6-2.2 (MiKTeX 2.5) (preloaded format=latex 2008.4.25)  30 MAR 2009 11:31
entering extended mode
**C:/Users/Juan*Carlos*Herrera/Documents/Seminario*de*Tesis*I*y*II/Escritura*Te
sis/tesis*v1/c2.tex

("C:\Users\Juan Carlos Herrera\Documents\Seminario de Tesis I y II\Escritura Te
sis\tesis v1\c2.tex"
LaTeX2e <2005/12/01>
Babel <v3.8g> and hyphenation patterns for english, dumylang, nohyphenation, ge
rman, ngerman, french, loaded.
! Undefined control sequence.
l.2 \chapter
            {Agrupamiento de series temporales.}
? 
! Emergency stop.
l.2 \chapter
            {Agrupamiento de series temporales.}
End of file on the terminal!

 
Here is how much of TeX's memory you used:
 8 strings out of 95420
 353 string characters out of 1187362
 44877 words of memory out of 1048577
 3255 multiletter control sequences out of 60000
 3640 words of font info for 14 fonts, out of 1000000 for 2000
 14 hyphenation exceptions out of 8191
 5i,0n,1p,144b,8s stack positions out of 5000i,500n,10000p,200000b,32768s
No pages of output.
